<?xml version="1.0" encoding="UTF-8"?>
<!-- Generated by org.testng.reporters.JUnitReportReporter -->
<testsuite hostname="ManuLaptop" failures="0" tests="1" name="fanctional.tests.PositiveStatusCode" time="1.632" errors="0" timestamp="17 Apr 2021 08:53:32 GMT">
  <testcase classname="fanctional.tests.PositiveStatusCode" name="statisticsPositiveStatusCode" time="1.632"/>
</testsuite> <!-- fanctional.tests.PositiveStatusCode -->
