<?xml version="1.0" encoding="UTF-8"?>
<!-- Generated by org.testng.reporters.JUnitReportReporter -->
<testsuite hostname="ManuLaptop" failures="0" tests="1" name="fanctional.tests.ConnectionsPositiveStatusCode" time="0.471" errors="0" timestamp="18 Apr 2021 05:55:57 GMT">
  <testcase classname="fanctional.tests.ConnectionsPositiveStatusCode" name="connectionsPositiveStatusCode" time="0.471"/>
</testsuite> <!-- fanctional.tests.ConnectionsPositiveStatusCode -->
