<?xml version="1.0" encoding="UTF-8"?>
<!-- Generated by org.testng.reporters.JUnitReportReporter -->
<testsuite hostname="ManuLaptop" failures="0" tests="1" name="functional.tests.connections.PositiveStatusCode" time="0.395" errors="0" timestamp="18 Apr 2021 08:35:47 GMT">
  <testcase classname="functional.tests.connections.PositiveStatusCode" name="connectionsPositiveStatusCode" time="0.395"/>
</testsuite> <!-- functional.tests.connections.PositiveStatusCode -->
