<?xml version="1.0" encoding="UTF-8"?>
<!-- Generated by org.testng.reporters.JUnitReportReporter -->
<testsuite hostname="ManuLaptop" failures="0" tests="1" name="functional.tests.connections.NegativeStatusCode" time="0.119" errors="0" timestamp="18 Apr 2021 08:35:47 GMT">
  <testcase classname="functional.tests.connections.NegativeStatusCode" name="connectionsPositiveStatusCode" time="0.119"/>
</testsuite> <!-- functional.tests.connections.NegativeStatusCode -->
