<?xml version="1.0" encoding="UTF-8"?>
<!-- Generated by org.testng.reporters.JUnitReportReporter -->
<testsuite hostname="ManuLaptop" failures="0" tests="1" name="fanctional.tests.StatisticsPositiveStatusCode" time="1.650" errors="0" timestamp="18 Apr 2021 05:55:57 GMT">
  <testcase classname="fanctional.tests.StatisticsPositiveStatusCode" name="statisticsPositiveStatusCode" time="1.650"/>
</testsuite> <!-- fanctional.tests.StatisticsPositiveStatusCode -->
