<?xml version="1.0" encoding="UTF-8"?>
<!-- Generated by org.testng.reporters.JUnitReportReporter -->
<testsuite hostname="ManuLaptop" failures="0" tests="1" name="functional.tests.statistics.PositiveStatusCode" time="0.032" errors="0" timestamp="18 Apr 2021 08:35:47 GMT">
  <testcase classname="functional.tests.statistics.PositiveStatusCode" name="statisticsPositiveStatusCode" time="0.032"/>
</testsuite> <!-- functional.tests.statistics.PositiveStatusCode -->
